{"level":"error","message":"zarinpal is not defined"}
{"level":"error","message":"zarinpal is not defined"}
{"level":"error"}
{"level":"error"}
{"level":"error"}
{"level":"error"}
{"level":"error"}
{"level":"error"}
{"level":"error"}
{"level":"error"}
{"level":"error","message":"Cannot read properties of null (reading 'total_price')"}
{"level":"error","message":"Cannot read properties of null (reading 'total_price')"}
{"level":"error","message":"Cannot read properties of null (reading 'total_price')"}
{"level":"error","message":"Cannot read properties of undefined (reading 'push')"}
{"level":"error","message":"Cannot read properties of undefined (reading 'push')"}
{"level":"error","message":"Cannot read properties of undefined (reading 'push')"}
{"level":"error","message":"Cannot read properties of null (reading 'total_price')"}
{"level":"error","message":"Cannot read properties of null (reading 'total_price')"}
{"level":"error","message":"Cannot read properties of undefined (reading 'push')"}
{"level":"error","message":"Cannot read properties of undefined (reading 'push')"}
{"level":"error","message":"waiting is not defined"}
{"level":"error","message":"token is not defined"}
{"level":"error","message":"Cannot read properties of null (reading 'total_price')"}
{"level":"error","message":"Cannot read properties of null (reading 'total_price')"}
{"level":"error","message":"user is not defined"}
{"level":"error","message":"Cannot read properties of null (reading 'length')"}
